<?xml version="1.0" encoding="UTF-8"?>
<testng-results ignored="0" total="1" passed="1" failed="0" skipped="0">
  <reporter-output>
  </reporter-output>
  <suite started-at="2025-05-08T09:08:01 IST" name="Default suite" finished-at="2025-05-08T09:08:26 IST" duration-ms="25899">
    <groups>
    </groups>
    <test started-at="2025-05-08T09:08:01 IST" name="Default test" finished-at="2025-05-08T09:08:26 IST" duration-ms="25899">
      <class name="amazon.VerifyCart">
        <test-method is-config="true" signature="DriverSetup()[pri:0, instance:amazon.VerifyCart@41fbdac4]" started-at="2025-05-08T09:08:01 IST" name="DriverSetup" finished-at="2025-05-08T09:08:15 IST" duration-ms="14449" status="PASS">
          <reporter-output>
          </reporter-output>
        </test-method> <!-- DriverSetup -->
        <test-method signature="VerifyTheProd()[pri:0, instance:amazon.VerifyCart@41fbdac4]" started-at="2025-05-08T09:08:15 IST" name="VerifyTheProd" finished-at="2025-05-08T09:08:22 IST" duration-ms="7306" status="PASS">
          <reporter-output>
          </reporter-output>
        </test-method> <!-- VerifyTheProd -->
        <test-method is-config="true" signature="closeBrowser()[pri:0, instance:amazon.VerifyCart@41fbdac4]" started-at="2025-05-08T09:08:22 IST" name="closeBrowser" finished-at="2025-05-08T09:08:26 IST" duration-ms="4088" status="PASS">
          <reporter-output>
          </reporter-output>
        </test-method> <!-- closeBrowser -->
      </class> <!-- amazon.VerifyCart -->
    </test> <!-- Default test -->
  </suite> <!-- Default suite -->
</testng-results>
